<?xml version="1.0" encoding="UTF-8"?>
<coverage generated="1656533173280" clover="3.2.0">
  <project timestamp="1656533173280" name="All files">
    <metrics statements="36" coveredstatements="33" conditionals="4" coveredconditionals="2" methods="4" coveredmethods="3" elements="44" coveredelements="38" complexity="0" loc="36" ncloc="36" packages="2" files="4" classes="4"/>
    <package name="api.bonification">
      <metrics statements="21" coveredstatements="20" conditionals="2" coveredconditionals="1" methods="3" coveredmethods="2"/>
      <file name="bonification.controller.js" path="C:\WorkSpaceClaro_Back\api-account-bonification\api\bonification\bonification.controller.js">
        <metrics statements="10" coveredstatements="10" conditionals="2" coveredconditionals="1" methods="1" coveredmethods="1"/>
        <line num="1" count="1" type="stmt"/>
        <line num="2" count="1" type="stmt"/>
        <line num="3" count="1" type="stmt"/>
        <line num="5" count="1" type="stmt"/>
        <line num="7" count="1" type="stmt"/>
        <line num="9" count="1" type="cond" truecount="1" falsecount="1"/>
        <line num="11" count="1" type="stmt"/>
        <line num="12" count="4" type="stmt"/>
        <line num="13" count="4" type="stmt"/>
        <line num="16" count="1" type="stmt"/>
      </file>
      <file name="bonification.query.js" path="C:\WorkSpaceClaro_Back\api-account-bonification\api\bonification\bonification.query.js">
        <metrics statements="5" coveredstatements="4" conditionals="0" coveredconditionals="0" methods="2" coveredmethods="1"/>
        <line num="6" count="1" type="stmt"/>
        <line num="7" count="1" type="stmt"/>
        <line num="35" count="1" type="stmt"/>
        <line num="36" count="0" type="stmt"/>
        <line num="63" count="1" type="stmt"/>
      </file>
      <file name="bonification.route.js" path="C:\WorkSpaceClaro_Back\api-account-bonification\api\bonification\bonification.route.js">
        <metrics statements="6" coveredstatements="6" conditionals="0" coveredconditionals="0" methods="0" coveredmethods="0"/>
        <line num="1" count="1" type="stmt"/>
        <line num="2" count="1" type="stmt"/>
        <line num="3" count="1" type="stmt"/>
        <line num="4" count="1" type="stmt"/>
        <line num="7" count="1" type="stmt"/>
        <line num="12" count="1" type="stmt"/>
      </file>
    </package>
    <package name="utils">
      <metrics statements="15" coveredstatements="13" conditionals="2" coveredconditionals="1" methods="1" coveredmethods="1"/>
      <file name="execQueryOra.js" path="C:\WorkSpaceClaro_Back\api-account-bonification\utils\execQueryOra.js">
        <metrics statements="15" coveredstatements="13" conditionals="2" coveredconditionals="1" methods="1" coveredmethods="1"/>
        <line num="1" count="1" type="stmt"/>
        <line num="3" count="1" type="stmt"/>
        <line num="4" count="4" type="stmt"/>
        <line num="5" count="4" type="stmt"/>
        <line num="11" count="4" type="stmt"/>
        <line num="12" count="4" type="stmt"/>
        <line num="13" count="4" type="stmt"/>
        <line num="15" count="4" type="cond" truecount="1" falsecount="1"/>
        <line num="16" count="4" type="stmt"/>
        <line num="17" count="4" type="stmt"/>
        <line num="18" count="4" type="stmt"/>
        <line num="20" count="0" type="stmt"/>
        <line num="24" count="4" type="stmt"/>
        <line num="26" count="0" type="stmt"/>
        <line num="30" count="1" type="stmt"/>
      </file>
    </package>
  </project>
</coverage>
