{"C:\\WorkSpaceClaro_Back\\api-account-bonification\\api\\bonification\\bonification.controller.js": {"path":"C:\\WorkSpaceClaro_Back\\api-account-bonification\\api\\bonification\\bonification.controller.js","statementMap":{"0":{"start":{"line":1,"column":0},"end":{"line":1,"column":27}},"1":{"start":{"line":2,"column":25},"end":{"line":2,"column":60}},"2":{"start":{"line":3,"column":37},"end":{"line":3,"column":68}},"3":{"start":{"line":5,"column":19},"end":{"line":5,"column":21}},"4":{"start":{"line":7,"column":15},"end":{"line":7,"column":36}},"5":{"start":{"line":9,"column":4},"end":{"line":9,"column":76}},"6":{"start":{"line":11,"column":0},"end":{"line":14,"column":2}},"7":{"start":{"line":12,"column":19},"end":{"line":12,"column":56}},"8":{"start":{"line":13,"column":4},"end":{"line":13,"column":26}},"9":{"start":{"line":16,"column":0},"end":{"line":16,"column":28}}},"fnMap":{"0":{"name":"(anonymous_0)","decl":{"start":{"line":11,"column":19},"end":{"line":11,"column":20}},"loc":{"start":{"line":11,"column":39},"end":{"line":14,"column":1}},"line":11}},"branchMap":{"0":{"loc":{"start":{"line":9,"column":4},"end":{"line":9,"column":76}},"type":"cond-expr","locations":[{"start":{"line":9,"column":35},"end":{"line":9,"column":54}},{"start":{"line":9,"column":57},"end":{"line":9,"column":76}}],"line":9}},"s":{"0":1,"1":1,"2":1,"3":1,"4":1,"5":1,"6":1,"7":4,"8":4,"9":1},"f":{"0":4},"b":{"0":[1,0]},"_coverageSchema":"1a1c01bbd47fc00a2c39e90264f33305004495a9","hash":"fab3d0b4ceec3567649eb0cd454650ce2931bf37"}
,"C:\\WorkSpaceClaro_Back\\api-account-bonification\\api\\bonification\\bonification.query.js": {"path":"C:\\WorkSpaceClaro_Back\\api-account-bonification\\api\\bonification\\bonification.query.js","statementMap":{"0":{"start":{"line":6,"column":20},"end":{"line":32,"column":1}},"1":{"start":{"line":7,"column":4},"end":{"line":31,"column":68}},"2":{"start":{"line":35,"column":20},"end":{"line":61,"column":1}},"3":{"start":{"line":36,"column":4},"end":{"line":60,"column":68}},"4":{"start":{"line":63,"column":0},"end":{"line":63,"column":46}}},"fnMap":{"0":{"name":"(anonymous_0)","decl":{"start":{"line":6,"column":20},"end":{"line":6,"column":21}},"loc":{"start":{"line":6,"column":30},"end":{"line":32,"column":1}},"line":6},"1":{"name":"(anonymous_1)","decl":{"start":{"line":35,"column":20},"end":{"line":35,"column":21}},"loc":{"start":{"line":35,"column":30},"end":{"line":61,"column":1}},"line":35}},"branchMap":{},"s":{"0":1,"1":1,"2":1,"3":0,"4":1},"f":{"0":1,"1":0},"b":{},"_coverageSchema":"1a1c01bbd47fc00a2c39e90264f33305004495a9","hash":"ab3861b1e1c1435998d81cdd1ee626b9c47f34e1"}
,"C:\\WorkSpaceClaro_Back\\api-account-bonification\\api\\bonification\\bonification.route.js": {"path":"C:\\WorkSpaceClaro_Back\\api-account-bonification\\api\\bonification\\bonification.route.js","statementMap":{"0":{"start":{"line":1,"column":21},"end":{"line":1,"column":39}},"1":{"start":{"line":2,"column":16},"end":{"line":2,"column":34}},"2":{"start":{"line":3,"column":15},"end":{"line":3,"column":31}},"3":{"start":{"line":4,"column":31},"end":{"line":4,"column":81}},"4":{"start":{"line":7,"column":0},"end":{"line":10,"column":2}},"5":{"start":{"line":12,"column":0},"end":{"line":12,"column":24}}},"fnMap":{},"branchMap":{},"s":{"0":1,"1":1,"2":1,"3":1,"4":1,"5":1},"f":{},"b":{},"_coverageSchema":"1a1c01bbd47fc00a2c39e90264f33305004495a9","hash":"f93b4e7ede077b3410b1c272720b19a1b27c7e04"}
,"C:\\WorkSpaceClaro_Back\\api-account-bonification\\utils\\execQueryOra.js": {"path":"C:\\WorkSpaceClaro_Back\\api-account-bonification\\utils\\execQueryOra.js","statementMap":{"0":{"start":{"line":1,"column":17},"end":{"line":1,"column":36}},"1":{"start":{"line":3,"column":21},"end":{"line":28,"column":1}},"2":{"start":{"line":4,"column":4},"end":{"line":27,"column":5}},"3":{"start":{"line":5,"column":8},"end":{"line":9,"column":11}},"4":{"start":{"line":11,"column":8},"end":{"line":11,"column":35}},"5":{"start":{"line":12,"column":8},"end":{"line":12,"column":56}},"6":{"start":{"line":13,"column":23},"end":{"line":13,"column":67}},"7":{"start":{"line":15,"column":8},"end":{"line":22,"column":9}},"8":{"start":{"line":16,"column":12},"end":{"line":21,"column":13}},"9":{"start":{"line":17,"column":16},"end":{"line":17,"column":73}},"10":{"start":{"line":18,"column":16},"end":{"line":18,"column":41}},"11":{"start":{"line":20,"column":16},"end":{"line":20,"column":33}},"12":{"start":{"line":24,"column":8},"end":{"line":24,"column":22}},"13":{"start":{"line":26,"column":8},"end":{"line":26,"column":25}},"14":{"start":{"line":30,"column":0},"end":{"line":30,"column":34}}},"fnMap":{"0":{"name":"(anonymous_0)","decl":{"start":{"line":3,"column":21},"end":{"line":3,"column":22}},"loc":{"start":{"line":3,"column":51},"end":{"line":28,"column":1}},"line":3}},"branchMap":{"0":{"loc":{"start":{"line":15,"column":8},"end":{"line":22,"column":9}},"type":"if","locations":[{"start":{"line":15,"column":8},"end":{"line":22,"column":9}},{"start":{},"end":{}}],"line":15}},"s":{"0":1,"1":1,"2":4,"3":4,"4":4,"5":4,"6":4,"7":4,"8":4,"9":4,"10":4,"11":0,"12":4,"13":0,"14":1},"f":{"0":4},"b":{"0":[4,0]},"_coverageSchema":"1a1c01bbd47fc00a2c39e90264f33305004495a9","hash":"f6bdfa231381518d100d948af48ed6bc6d4a1c7f"}
}
